#
# There is insufficient memory for the Java Runtime Environment to continue.
# Native memory allocation (malloc) failed to allocate 2441840 bytes for Chunk::new
# Possible reasons:
#   The system is out of physical RAM or swap space
#   The process is running with CompressedOops enabled, and the Java Heap may be blocking the growth of the native heap
# Possible solutions:
#   Reduce memory load on the system
#   Increase physical memory or swap space
#   Check if swap backing store is full
#   Decrease Java heap size (-Xmx/-Xms)
#   Decrease number of Java threads
#   Decrease Java thread stack sizes (-Xss)
#   Set larger code cache with -XX:ReservedCodeCacheSize=
#   JVM is running with Unscaled Compressed Oops mode in which the Java heap is
#     placed in the first 4GB address space. The Java Heap base address is the
#     maximum limit for the native heap growth. Please use -XX:HeapBaseMinAddress
#     to set the Java Heap base and to place the Java Heap above 4GB virtual address.
# This output file may be truncated or incomplete.
#
#  Out of Memory Error (arena.cpp:189), pid=10136, tid=10248
#
# JRE version: OpenJDK Runtime Environment Temurin-17.0.7+7 (17.0.7+7) (build 17.0.7+7)
# Java VM: OpenJDK 64-Bit Server VM Temurin-17.0.7+7 (17.0.7+7, mixed mode, tiered, compressed oops, compressed class ptrs, parallel gc, windows-amd64)
# No core dump will be written. Minidumps are not enabled by default on client versions of Windows
#

---------------  S U M M A R Y ------------

Command Line: --add-modules=ALL-SYSTEM --add-opens=java.base/java.util=ALL-UNNAMED --add-opens=java.base/java.lang=ALL-UNNAMED --add-opens=java.base/sun.nio.fs=ALL-UNNAMED -Declipse.application=org.eclipse.jdt.ls.core.id1 -Dosgi.bundles.defaultStartLevel=4 -Declipse.product=org.eclipse.jdt.ls.core.product -Djava.import.generatesMetadataFilesAtProjectRoot=false -Dfile.encoding=utf8 -XX:+UseParallelGC -XX:GCTimeRatio=4 -XX:AdaptiveSizePolicyWeight=90 -Dsun.zip.disableMemoryMapping=true -Xmx1G -Xms100m -Xlog:disable -javaagent:c:\Users\sejal\.vscode\extensions\redhat.java-1.21.0-win32-x64\lombok\lombok-1.18.28.jar -XX:+HeapDumpOnOutOfMemoryError -XX:HeapDumpPath=c:\Users\sejal\AppData\Roaming\Code\User\workspaceStorage\aa4f0c0cabe622b1aea71c1db19fc434\redhat.java -Daether.dependencyCollector.impl=bf c:\Users\sejal\.vscode\extensions\redhat.java-1.21.0-win32-x64\server\plugins\org.eclipse.equinox.launcher_1.6.500.v20230717-2134.jar -configuration c:\Users\sejal\AppData\Roaming\Code\User\globalStorage\redhat.java\1.21.0\config_win -data c:\Users\sejal\AppData\Roaming\Code\User\workspaceStorage\aa4f0c0cabe622b1aea71c1db19fc434\redhat.java\jdt_ws

Host: Intel(R) Core(TM) i3-8130U CPU @ 2.20GHz, 4 cores, 3G,  Windows 11 , 64 bit Build 22621 (10.0.22621.1928)
Time: Sat Jul 29 16:31:53 2023 India Standard Time elapsed time: 208.625582 seconds (0d 0h 3m 28s)

---------------  T H R E A D  ---------------

Current thread (0x00000247f5fbb1b0):  JavaThread "C2 CompilerThread0" daemon [_thread_in_native, id=10248, stack(0x0000006607300000,0x0000006607400000)]


Current CompileTask:
C2: 208625 9135   !   4       org.eclipse.jdt.internal.core.search.indexing.BinaryIndexer::indexDocument (1150 bytes)

Stack: [0x0000006607300000,0x0000006607400000]
Native frames: (J=compiled Java code, j=interpreted, Vv=VM code, C=native code)
V  [jvm.dll+0x67754a]
V  [jvm.dll+0x834304]
V  [jvm.dll+0x835aae]
V  [jvm.dll+0x836113]
V  [jvm.dll+0x24696f]
V  [jvm.dll+0xac0ac]
V  [jvm.dll+0xac67c]
V  [jvm.dll+0x364e37]
V  [jvm.dll+0x1bcde8]
V  [jvm.dll+0x219799]
V  [jvm.dll+0x218a61]
V  [jvm.dll+0x1a4d8d]
V  [jvm.dll+0x2284da]
V  [jvm.dll+0x226615]
V  [jvm.dll+0x7ea90b]
V  [jvm.dll+0x7e4e7a]
V  [jvm.dll+0x676395]
C  [ucrtbase.dll+0x29363]
C  [KERNEL32.DLL+0x126ad]
C  [ntdll.dll+0x5aa68]


---------------  P R O C E S S  ---------------

Threads class SMR info:
_java_thread_list=0x00000247fedaefc0, length=33, elements={
0x00000247f115c910, 0x00000247f121cee0, 0x00000247f121e770, 0x00000247f5fae340,
0x00000247f5fafd10, 0x00000247f5fb07d0, 0x00000247f5fb85b0, 0x00000247f5fbb1b0,
0x00000247f5fbbab0, 0x00000247f5fbe3c0, 0x00000247f11c0790, 0x00000247fb315d20,
0x00000247fba12d60, 0x00000247fb7f7e50, 0x00000247fb66a600, 0x00000247fb6a0e30,
0x00000247fb6a0960, 0x00000247fb69ffc0, 0x00000247fc4756e0, 0x00000247fc4743a0,
0x00000247fc4773c0, 0x00000247fc479f10, 0x00000247fc473ed0, 0x00000247fc474870,
0x00000247fc47a8b0, 0x00000247fc478230, 0x00000247fc474d40, 0x00000247fc476080,
0x00000247fc476a20, 0x00000247fc478bd0, 0x00000247fc4790a0, 0x00000247fc479570,
0x00000247fc473530
}

Java Threads: ( => current thread )
  0x00000247f115c910 JavaThread "main" [_thread_blocked, id=8680, stack(0x0000006606a00000,0x0000006606b00000)]
  0x00000247f121cee0 JavaThread "Reference Handler" daemon [_thread_blocked, id=10428, stack(0x0000006606d00000,0x0000006606e00000)]
  0x00000247f121e770 JavaThread "Finalizer" daemon [_thread_blocked, id=1492, stack(0x0000006606e00000,0x0000006606f00000)]
  0x00000247f5fae340 JavaThread "Signal Dispatcher" daemon [_thread_blocked, id=11268, stack(0x0000006606f00000,0x0000006607000000)]
  0x00000247f5fafd10 JavaThread "Attach Listener" daemon [_thread_blocked, id=6200, stack(0x0000006607000000,0x0000006607100000)]
  0x00000247f5fb07d0 JavaThread "Service Thread" daemon [_thread_blocked, id=544, stack(0x0000006607100000,0x0000006607200000)]
  0x00000247f5fb85b0 JavaThread "Monitor Deflation Thread" daemon [_thread_blocked, id=5452, stack(0x0000006607200000,0x0000006607300000)]
=>0x00000247f5fbb1b0 JavaThread "C2 CompilerThread0" daemon [_thread_in_native, id=10248, stack(0x0000006607300000,0x0000006607400000)]
  0x00000247f5fbbab0 JavaThread "C1 CompilerThread0" daemon [_thread_blocked, id=8648, stack(0x0000006607400000,0x0000006607500000)]
  0x00000247f5fbe3c0 JavaThread "Sweeper thread" daemon [_thread_blocked, id=10348, stack(0x0000006607500000,0x0000006607600000)]
  0x00000247f11c0790 JavaThread "Common-Cleaner" daemon [_thread_blocked, id=14120, stack(0x0000006607600000,0x0000006607700000)]
  0x00000247fb315d20 JavaThread "Notification Thread" daemon [_thread_blocked, id=13464, stack(0x0000006607700000,0x0000006607800000)]
  0x00000247fba12d60 JavaThread "Active Thread: Equinox Container: ab1f7439-f056-4e27-b1d5-6d0abf49591a" [_thread_blocked, id=9580, stack(0x0000006608000000,0x0000006608100000)]
  0x00000247fb7f7e50 JavaThread "Framework Event Dispatcher: Equinox Container: ab1f7439-f056-4e27-b1d5-6d0abf49591a" daemon [_thread_blocked, id=13396, stack(0x0000006608100000,0x0000006608200000)]
  0x00000247fb66a600 JavaThread "Start Level: Equinox Container: ab1f7439-f056-4e27-b1d5-6d0abf49591a" daemon [_thread_blocked, id=8472, stack(0x0000006608200000,0x0000006608300000)]
  0x00000247fb6a0e30 JavaThread "Refresh Thread: Equinox Container: ab1f7439-f056-4e27-b1d5-6d0abf49591a" daemon [_thread_blocked, id=13368, stack(0x0000006608300000,0x0000006608400000)]
  0x00000247fb6a0960 JavaThread "SCR Component Actor" daemon [_thread_blocked, id=5096, stack(0x0000006608400000,0x0000006608500000)]
  0x00000247fb69ffc0 JavaThread "Worker-JM" [_thread_blocked, id=11372, stack(0x0000006608600000,0x0000006608700000)]
  0x00000247fc4756e0 JavaThread "Worker-1: Java indexing... " [_thread_blocked, id=12136, stack(0x0000006608800000,0x0000006608900000)]
  0x00000247fc4743a0 JavaThread "Bundle File Closer" daemon [_thread_blocked, id=5080, stack(0x0000006606800000,0x0000006606900000)]
  0x00000247fc4773c0 JavaThread "Java indexing" daemon [_thread_in_Java, id=10400, stack(0x0000006607c00000,0x0000006607d00000)]
  0x00000247fc479f10 JavaThread "Worker-2" [_thread_blocked, id=8664, stack(0x0000006607d00000,0x0000006607e00000)]
  0x00000247fc473ed0 JavaThread "Worker-3: Initialize Workspace" [_thread_in_vm, id=10508, stack(0x0000006607e00000,0x0000006607f00000)]
  0x00000247fc474870 JavaThread "JNA Cleaner" daemon [_thread_blocked, id=5320, stack(0x0000006606900000,0x0000006606a00000)]
  0x00000247fc47a8b0 JavaThread "pool-2-thread-1" [_thread_blocked, id=4648, stack(0x0000006607f00000,0x0000006608000000)]
  0x00000247fc478230 JavaThread "WorkspaceEventsHandler" [_thread_blocked, id=7116, stack(0x0000006608500000,0x0000006608600000)]
  0x00000247fc474d40 JavaThread "pool-1-thread-1" [_thread_blocked, id=2028, stack(0x0000006608900000,0x0000006608a00000)]
  0x00000247fc476080 JavaThread "Worker-4" [_thread_blocked, id=9648, stack(0x0000006608c00000,0x0000006608d00000)]
  0x00000247fc476a20 JavaThread "OkHttp repo.maven.apache.org" [_thread_in_native, id=9152, stack(0x0000006608a00000,0x0000006608b00000)]
  0x00000247fc478bd0 JavaThread "OkHttp ConnectionPool" daemon [_thread_blocked, id=7408, stack(0x0000006608b00000,0x0000006608c00000)]
  0x00000247fc4790a0 JavaThread "OkHttp repo.maven.apache.org Writer" [_thread_blocked, id=9368, stack(0x0000006608f00000,0x0000006609000000)]
  0x00000247fc479570 JavaThread "OkHttp Http2Connection" daemon [_thread_blocked, id=9656, stack(0x0000006609000000,0x0000006609100000)]
  0x00000247fc473530 JavaThread "Okio Watchdog" daemon [_thread_blocked, id=9212, stack(0x0000006609100000,0x0000006609200000)]

Other Threads:
  0x00000247f1218850 VMThread "VM Thread" [stack: 0x0000006606c00000,0x0000006606d00000] [id=4880]
  0x00000247fb37dff0 WatcherThread [stack: 0x0000006607800000,0x0000006607900000] [id=13612]
  0x00000247f1173ad0 GCTaskThread "GC Thread#0" [stack: 0x0000006606b00000,0x0000006606c00000] [id=14124]
  0x00000247fb3d3ec0 GCTaskThread "GC Thread#1" [stack: 0x0000006607900000,0x0000006607a00000] [id=12360]
  0x00000247fb3d4170 GCTaskThread "GC Thread#2" [stack: 0x0000006607a00000,0x0000006607b00000] [id=10640]
  0x00000247fb575020 GCTaskThread "GC Thread#3" [stack: 0x0000006607b00000,0x0000006607c00000] [id=8848]

Threads with active compile tasks:
C2 CompilerThread0   211593 9135   !   4       org.eclipse.jdt.internal.core.search.indexing.BinaryIndexer::indexDocument (1150 bytes)

VM state: not at safepoint (normal execution)

VM Mutex/Monitor currently owned by a thread: None

Heap address: 0x00000000c0000000, size: 1024 MB, Compressed Oops mode: 32-bit

CDS archive(s) not mapped
Compressed class space mapped at: 0x0000000100000000-0x0000000140000000, reserved size: 1073741824
Narrow klass base: 0x0000000000000000, Narrow klass shift: 3, Narrow klass range: 0x140000000

GC Precious Log:
 CPUs: 4 total, 4 available
 Memory: 4007M
 Large Page Support: Disabled
 NUMA Support: Disabled
 Compressed Oops: Enabled (32-bit)
 Alignments: Space 512K, Generation 512K, Heap 2M
 Heap Min Capacity: 100M
 Heap Initial Capacity: 100M
 Heap Max Capacity: 1G
 Pre-touch: Disabled
 Parallel Workers: 4

Heap:
 PSYoungGen      total 7168K, used 5234K [0x00000000eab00000, 0x00000000eb580000, 0x0000000100000000)
  eden space 4096K, 64% used [0x00000000eab00000,0x00000000ead92cf0,0x00000000eaf00000)
  from space 3072K, 84% used [0x00000000eb280000,0x00000000eb509b48,0x00000000eb580000)
  to   space 3072K, 0% used [0x00000000eaf80000,0x00000000eaf80000,0x00000000eb280000)
 ParOldGen       total 216576K, used 202379K [0x00000000c0000000, 0x00000000cd380000, 0x00000000eab00000)
  object space 216576K, 93% used [0x00000000c0000000,0x00000000cc5a2c70,0x00000000cd380000)
 Metaspace       used 61251K, committed 62336K, reserved 1114112K
  class space    used 6646K, committed 7104K, reserved 1048576K

Card table byte_map: [0x00000247f0b30000,0x00000247f0d40000] _byte_map_base: 0x00000247f0530000

Marking Bits: (ParMarkBitMap*) 0x00007ffe131352c0
 Begin Bits: [0x00000247f3de0000, 0x00000247f4de0000)
 End Bits:   [0x00000247f4de0000, 0x00000247f5de0000)

Polling page: 0x00000247f0920000

Metaspace:

Usage:
  Non-class:     53.33 MB used.
      Class:      6.49 MB used.
       Both:     59.82 MB used.

Virtual space:
  Non-class space:       64.00 MB reserved,      53.94 MB ( 84%) committed,  1 nodes.
      Class space:        1.00 GB reserved,       6.94 MB ( <1%) committed,  1 nodes.
             Both:        1.06 GB reserved,      60.88 MB (  6%) committed. 

Chunk freelists:
   Non-Class:  10.11 MB
       Class:  9.05 MB
        Both:  19.12 MB

MaxMetaspaceSize: unlimited
CompressedClassSpaceSize: 1.00 GB
Initial GC threshold: 21.00 MB
Current GC threshold: 100.00 MB
CDS: off
MetaspaceReclaimPolicy: balanced
 - commit_granule_bytes: 65536.
 - commit_granule_words: 8192.
 - virtual_space_node_default_size: 8388608.
 - enlarge_chunks_in_place: 1.
 - new_chunks_are_fully_committed: 0.
 - uncommit_free_chunks: 1.
 - use_allocation_guard: 0.
 - handle_deallocations: 1.


Internal statistics:

num_allocs_failed_limit: 6.
num_arena_births: 602.
num_arena_deaths: 14.
num_vsnodes_births: 2.
num_vsnodes_deaths: 0.
num_space_committed: 974.
num_space_uncommitted: 0.
num_chunks_returned_to_freelist: 20.
num_chunks_taken_from_freelist: 2745.
num_chunk_merges: 12.
num_chunk_splits: 1776.
num_chunks_enlarged: 1138.
num_inconsistent_stats: 0.

CodeHeap 'non-profiled nmethods': size=120000Kb used=5859Kb max_used=5859Kb free=114141Kb
 bounds [0x0000024787ad0000, 0x0000024788090000, 0x000002478f000000]
CodeHeap 'profiled nmethods': size=120000Kb used=15125Kb max_used=15125Kb free=104874Kb
 bounds [0x0000024780000000, 0x0000024780ed0000, 0x0000024787530000]
CodeHeap 'non-nmethods': size=5760Kb used=1351Kb max_used=1396Kb free=4408Kb
 bounds [0x0000024787530000, 0x00000247877a0000, 0x0000024787ad0000]
 total_blobs=8407 nmethods=7714 adapters=607
 compilation: enabled
              stopped_count=0, restarted_count=0
 full_count=0

Compilation events (20 events):
Event: 196.033 Thread 0x00000247f5fbb1b0 nmethod 9124 0x0000024788079f90 code [0x000002478807a100, 0x000002478807a258]
Event: 196.538 Thread 0x00000247f5fbb1b0 9125       4       java.util.ArrayList$ArrayListSpliterator::forEachRemaining (127 bytes)
Event: 196.551 Thread 0x00000247f5fbb1b0 nmethod 9125 0x000002478807a390 code [0x000002478807a520, 0x000002478807a7f8]
Event: 196.589 Thread 0x00000247f5fbb1b0 9126       4       java.io.File::getAbsoluteFile (38 bytes)
Event: 196.605 Thread 0x00000247f5fbb1b0 nmethod 9126 0x000002478807aa10 code [0x000002478807abe0, 0x000002478807b0f0]
Event: 197.321 Thread 0x00000247f5fbb1b0 9127       4       jdk.internal.jimage.ImageLocation::decompress (116 bytes)
Event: 197.727 Thread 0x00000247f5fbbab0 9128       3       jdk.internal.loader.NativeLibraries$NativeLibraryImpl::find (6 bytes)
Event: 197.728 Thread 0x00000247f5fbbab0 nmethod 9128 0x0000024780e4b710 code [0x0000024780e4b8a0, 0x0000024780e4b9c8]
Event: 197.747 Thread 0x00000247f5fbb1b0 nmethod 9127 0x000002478807ba10 code [0x000002478807bba0, 0x000002478807c178]
Event: 197.985 Thread 0x00000247f5fbb1b0 9130   !   4       java.nio.channels.Channels$ReadableByteChannelImpl::read (195 bytes)
Event: 198.017 Thread 0x00000247f5fbb1b0 nmethod 9130 0x000002478807c510 code [0x000002478807c720, 0x000002478807ddc8]
Event: 198.017 Thread 0x00000247f5fbb1b0 9131   !   4       java.io.File::toURI (71 bytes)
Event: 198.102 Thread 0x00000247f5fbb1b0 nmethod 9131 0x000002478807eb10 code [0x000002478807efc0, 0x0000024788082628]
Event: 198.102 Thread 0x00000247f5fbb1b0 9132       4       java.util.Properties::getProperty (50 bytes)
Event: 198.118 Thread 0x00000247f5fbb1b0 nmethod 9132 0x0000024788085310 code [0x0000024788085520, 0x0000024788086528]
Event: 198.982 Thread 0x00000247f5fbb1b0 9133   !   4       org.eclipse.jdt.internal.core.search.JavaSearchDocument::getByteContents (39 bytes)
Event: 198.984 Thread 0x00000247f5fbb1b0 nmethod 9133 0x0000024788086c90 code [0x0000024788086e00, 0x0000024788086e98]
Event: 198.995 Thread 0x00000247f5fbb1b0 9134       4       jdk.internal.jrtfs.SystemImage$1::findNode (9 bytes)
Event: 198.996 Thread 0x00000247f5fbb1b0 nmethod 9134 0x0000024788086f90 code [0x0000024788087120, 0x0000024788087208]
Event: 200.397 Thread 0x00000247f5fbb1b0 9135   !   4       org.eclipse.jdt.internal.core.search.indexing.BinaryIndexer::indexDocument (1150 bytes)

GC Heap History (20 events):
Event: 194.692 GC heap before
{Heap before GC invocations=450 (full 16):
 PSYoungGen      total 5120K, used 4838K [0x00000000eab00000, 0x00000000eb200000, 0x0000000100000000)
  eden space 3584K, 100% used [0x00000000eab00000,0x00000000eae80000,0x00000000eae80000)
  from space 1536K, 81% used [0x00000000eae80000,0x00000000eafb99b8,0x00000000eb000000)
  to   space 1536K, 0% used [0x00000000eb080000,0x00000000eb080000,0x00000000eb200000)
 ParOldGen       total 358400K, used 343345K [0x00000000c0000000, 0x00000000d5e00000, 0x00000000eab00000)
  object space 358400K, 95% used [0x00000000c0000000,0x00000000d4f4c598,0x00000000d5e00000)
 Metaspace       used 58257K, committed 59264K, reserved 1114112K
  class space    used 6261K, committed 6656K, reserved 1048576K
}
Event: 194.694 GC heap after
{Heap after GC invocations=450 (full 16):
 PSYoungGen      total 5632K, used 1238K [0x00000000eab00000, 0x00000000eb280000, 0x0000000100000000)
  eden space 4096K, 0% used [0x00000000eab00000,0x00000000eab00000,0x00000000eaf00000)
  from space 1536K, 80% used [0x00000000eb080000,0x00000000eb1b59c0,0x00000000eb200000)
  to   space 1536K, 0% used [0x00000000eaf00000,0x00000000eaf00000,0x00000000eb080000)
 ParOldGen       total 358400K, used 344121K [0x00000000c0000000, 0x00000000d5e00000, 0x00000000eab00000)
  object space 358400K, 96% used [0x00000000c0000000,0x00000000d500e620,0x00000000d5e00000)
 Metaspace       used 58257K, committed 59264K, reserved 1114112K
  class space    used 6261K, committed 6656K, reserved 1048576K
}
Event: 194.926 GC heap before
{Heap before GC invocations=451 (full 16):
 PSYoungGen      total 5632K, used 5334K [0x00000000eab00000, 0x00000000eb280000, 0x0000000100000000)
  eden space 4096K, 100% used [0x00000000eab00000,0x00000000eaf00000,0x00000000eaf00000)
  from space 1536K, 80% used [0x00000000eb080000,0x00000000eb1b59c0,0x00000000eb200000)
  to   space 1536K, 0% used [0x00000000eaf00000,0x00000000eaf00000,0x00000000eb080000)
 ParOldGen       total 358400K, used 344121K [0x00000000c0000000, 0x00000000d5e00000, 0x00000000eab00000)
  object space 358400K, 96% used [0x00000000c0000000,0x00000000d500e620,0x00000000d5e00000)
 Metaspace       used 58257K, committed 59264K, reserved 1114112K
  class space    used 6261K, committed 6656K, reserved 1048576K
}
Event: 194.929 GC heap after
{Heap after GC invocations=451 (full 16):
 PSYoungGen      total 5632K, used 679K [0x00000000eab00000, 0x00000000eb180000, 0x0000000100000000)
  eden space 4096K, 0% used [0x00000000eab00000,0x00000000eab00000,0x00000000eaf00000)
  from space 1536K, 44% used [0x00000000eaf00000,0x00000000eafa9d58,0x00000000eb080000)
  to   space 1024K, 0% used [0x00000000eb080000,0x00000000eb080000,0x00000000eb180000)
 ParOldGen       total 358400K, used 345282K [0x00000000c0000000, 0x00000000d5e00000, 0x00000000eab00000)
  object space 358400K, 96% used [0x00000000c0000000,0x00000000d5130998,0x00000000d5e00000)
 Metaspace       used 58257K, committed 59264K, reserved 1114112K
  class space    used 6261K, committed 6656K, reserved 1048576K
}
Event: 195.271 GC heap before
{Heap before GC invocations=452 (full 16):
 PSYoungGen      total 5632K, used 4775K [0x00000000eab00000, 0x00000000eb180000, 0x0000000100000000)
  eden space 4096K, 100% used [0x00000000eab00000,0x00000000eaf00000,0x00000000eaf00000)
  from space 1536K, 44% used [0x00000000eaf00000,0x00000000eafa9d58,0x00000000eb080000)
  to   space 1024K, 0% used [0x00000000eb080000,0x00000000eb080000,0x00000000eb180000)
 ParOldGen       total 358400K, used 345282K [0x00000000c0000000, 0x00000000d5e00000, 0x00000000eab00000)
  object space 358400K, 96% used [0x00000000c0000000,0x00000000d5130998,0x00000000d5e00000)
 Metaspace       used 58257K, committed 59264K, reserved 1114112K
  class space    used 6261K, committed 6656K, reserved 1048576K
}
Event: 195.275 GC heap after
{Heap after GC invocations=452 (full 16):
 PSYoungGen      total 5632K, used 626K [0x00000000eab00000, 0x00000000eb180000, 0x0000000100000000)
  eden space 4608K, 0% used [0x00000000eab00000,0x00000000eab00000,0x00000000eaf80000)
  from space 1024K, 61% used [0x00000000eb080000,0x00000000eb11c960,0x00000000eb180000)
  to   space 1024K, 0% used [0x00000000eaf80000,0x00000000eaf80000,0x00000000eb080000)
 ParOldGen       total 358400K, used 345916K [0x00000000c0000000, 0x00000000d5e00000, 0x00000000eab00000)
  object space 358400K, 96% used [0x00000000c0000000,0x00000000d51cf3d0,0x00000000d5e00000)
 Metaspace       used 58257K, committed 59264K, reserved 1114112K
  class space    used 6261K, committed 6656K, reserved 1048576K
}
Event: 195.879 GC heap before
{Heap before GC invocations=453 (full 16):
 PSYoungGen      total 5632K, used 5234K [0x00000000eab00000, 0x00000000eb180000, 0x0000000100000000)
  eden space 4608K, 100% used [0x00000000eab00000,0x00000000eaf80000,0x00000000eaf80000)
  from space 1024K, 61% used [0x00000000eb080000,0x00000000eb11c960,0x00000000eb180000)
  to   space 1024K, 0% used [0x00000000eaf80000,0x00000000eaf80000,0x00000000eb080000)
 ParOldGen       total 358400K, used 345916K [0x00000000c0000000, 0x00000000d5e00000, 0x00000000eab00000)
  object space 358400K, 96% used [0x00000000c0000000,0x00000000d51cf3d0,0x00000000d5e00000)
 Metaspace       used 58276K, committed 59264K, reserved 1114112K
  class space    used 6265K, committed 6656K, reserved 1048576K
}
Event: 195.885 GC heap after
{Heap after GC invocations=453 (full 16):
 PSYoungGen      total 5632K, used 1000K [0x00000000eab00000, 0x00000000eb280000, 0x0000000100000000)
  eden space 4608K, 0% used [0x00000000eab00000,0x00000000eab00000,0x00000000eaf80000)
  from space 1024K, 97% used [0x00000000eaf80000,0x00000000eb07a030,0x00000000eb080000)
  to   space 1536K, 0% used [0x00000000eb100000,0x00000000eb100000,0x00000000eb280000)
 ParOldGen       total 358400K, used 346152K [0x00000000c0000000, 0x00000000d5e00000, 0x00000000eab00000)
  object space 358400K, 96% used [0x00000000c0000000,0x00000000d520a050,0x00000000d5e00000)
 Metaspace       used 58276K, committed 59264K, reserved 1114112K
  class space    used 6265K, committed 6656K, reserved 1048576K
}
Event: 195.931 GC heap before
{Heap before GC invocations=454 (full 16):
 PSYoungGen      total 5632K, used 5608K [0x00000000eab00000, 0x00000000eb280000, 0x0000000100000000)
  eden space 4608K, 100% used [0x00000000eab00000,0x00000000eaf80000,0x00000000eaf80000)
  from space 1024K, 97% used [0x00000000eaf80000,0x00000000eb07a030,0x00000000eb080000)
  to   space 1536K, 0% used [0x00000000eb100000,0x00000000eb100000,0x00000000eb280000)
 ParOldGen       total 358400K, used 346152K [0x00000000c0000000, 0x00000000d5e00000, 0x00000000eab00000)
  object space 358400K, 96% used [0x00000000c0000000,0x00000000d520a050,0x00000000d5e00000)
 Metaspace       used 58276K, committed 59264K, reserved 1114112K
  class space    used 6265K, committed 6656K, reserved 1048576K
}
Event: 195.936 GC heap after
{Heap after GC invocations=454 (full 16):
 PSYoungGen      total 6144K, used 736K [0x00000000eab00000, 0x00000000eb200000, 0x0000000100000000)
  eden space 5120K, 0% used [0x00000000eab00000,0x00000000eab00000,0x00000000eb000000)
  from space 1024K, 71% used [0x00000000eb100000,0x00000000eb1b8000,0x00000000eb200000)
  to   space 1024K, 0% used [0x00000000eb000000,0x00000000eb000000,0x00000000eb100000)
 ParOldGen       total 358400K, used 347167K [0x00000000c0000000, 0x00000000d5e00000, 0x00000000eab00000)
  object space 358400K, 96% used [0x00000000c0000000,0x00000000d5307fa8,0x00000000d5e00000)
 Metaspace       used 58276K, committed 59264K, reserved 1114112K
  class space    used 6265K, committed 6656K, reserved 1048576K
}
Event: 196.867 GC heap before
{Heap before GC invocations=455 (full 16):
 PSYoungGen      total 6144K, used 5856K [0x00000000eab00000, 0x00000000eb200000, 0x0000000100000000)
  eden space 5120K, 100% used [0x00000000eab00000,0x00000000eb000000,0x00000000eb000000)
  from space 1024K, 71% used [0x00000000eb100000,0x00000000eb1b8000,0x00000000eb200000)
  to   space 1024K, 0% used [0x00000000eb000000,0x00000000eb000000,0x00000000eb100000)
 ParOldGen       total 358400K, used 347167K [0x00000000c0000000, 0x00000000d5e00000, 0x00000000eab00000)
  object space 358400K, 96% used [0x00000000c0000000,0x00000000d5307fa8,0x00000000d5e00000)
 Metaspace       used 58329K, committed 59328K, reserved 1114112K
  class space    used 6271K, committed 6720K, reserved 1048576K
}
Event: 196.874 GC heap after
{Heap after GC invocations=455 (full 16):
 PSYoungGen      total 6144K, used 1017K [0x00000000eab00000, 0x00000000eb400000, 0x0000000100000000)
  eden space 5120K, 0% used [0x00000000eab00000,0x00000000eab00000,0x00000000eb000000)
  from space 1024K, 99% used [0x00000000eb000000,0x00000000eb0fe5f0,0x00000000eb100000)
  to   space 2048K, 0% used [0x00000000eb200000,0x00000000eb200000,0x00000000eb400000)
 ParOldGen       total 358400K, used 347611K [0x00000000c0000000, 0x00000000d5e00000, 0x00000000eab00000)
  object space 358400K, 96% used [0x00000000c0000000,0x00000000d5376f78,0x00000000d5e00000)
 Metaspace       used 58329K, committed 59328K, reserved 1114112K
  class space    used 6271K, committed 6720K, reserved 1048576K
}
Event: 197.715 GC heap before
{Heap before GC invocations=456 (full 16):
 PSYoungGen      total 6144K, used 6137K [0x00000000eab00000, 0x00000000eb400000, 0x0000000100000000)
  eden space 5120K, 100% used [0x00000000eab00000,0x00000000eb000000,0x00000000eb000000)
  from space 1024K, 99% used [0x00000000eb000000,0x00000000eb0fe5f0,0x00000000eb100000)
  to   space 2048K, 0% used [0x00000000eb200000,0x00000000eb200000,0x00000000eb400000)
 ParOldGen       total 358400K, used 347611K [0x00000000c0000000, 0x00000000d5e00000, 0x00000000eab00000)
  object space 358400K, 96% used [0x00000000c0000000,0x00000000d5376f78,0x00000000d5e00000)
 Metaspace       used 58427K, committed 59392K, reserved 1114112K
  class space    used 6277K, committed 6720K, reserved 1048576K
}
Event: 197.724 GC heap after
{Heap after GC invocations=456 (full 16):
 PSYoungGen      total 6144K, used 849K [0x00000000eab00000, 0x00000000eb300000, 0x0000000100000000)
  eden space 5120K, 0% used [0x00000000eab00000,0x00000000eab00000,0x00000000eb000000)
  from space 1024K, 82% used [0x00000000eb200000,0x00000000eb2d44b0,0x00000000eb300000)
  to   space 1536K, 0% used [0x00000000eb000000,0x00000000eb000000,0x00000000eb180000)
 ParOldGen       total 358400K, used 348604K [0x00000000c0000000, 0x00000000d5e00000, 0x00000000eab00000)
  object space 358400K, 97% used [0x00000000c0000000,0x00000000d546f188,0x00000000d5e00000)
 Metaspace       used 58427K, committed 59392K, reserved 1114112K
  class space    used 6277K, committed 6720K, reserved 1048576K
}
Event: 198.064 GC heap before
{Heap before GC invocations=457 (full 16):
 PSYoungGen      total 6144K, used 5969K [0x00000000eab00000, 0x00000000eb300000, 0x0000000100000000)
  eden space 5120K, 100% used [0x00000000eab00000,0x00000000eb000000,0x00000000eb000000)
  from space 1024K, 82% used [0x00000000eb200000,0x00000000eb2d44b0,0x00000000eb300000)
  to   space 1536K, 0% used [0x00000000eb000000,0x00000000eb000000,0x00000000eb180000)
 ParOldGen       total 358400K, used 348604K [0x00000000c0000000, 0x00000000d5e00000, 0x00000000eab00000)
  object space 358400K, 97% used [0x00000000c0000000,0x00000000d546f188,0x00000000d5e00000)
 Metaspace       used 58502K, committed 59520K, reserved 1114112K
  class space    used 6289K, committed 6720K, reserved 1048576K
}
Event: 198.067 GC heap after
{Heap after GC invocations=457 (full 16):
 PSYoungGen      total 6656K, used 1536K [0x00000000eab00000, 0x00000000eb400000, 0x0000000100000000)
  eden space 5120K, 0% used [0x00000000eab00000,0x00000000eab00000,0x00000000eb000000)
  from space 1536K, 100% used [0x00000000eb000000,0x00000000eb180000,0x00000000eb180000)
  to   space 2048K, 0% used [0x00000000eb200000,0x00000000eb200000,0x00000000eb400000)
 ParOldGen       total 358400K, used 348604K [0x00000000c0000000, 0x00000000d5e00000, 0x00000000eab00000)
  object space 358400K, 97% used [0x00000000c0000000,0x00000000d546f188,0x00000000d5e00000)
 Metaspace       used 58502K, committed 59520K, reserved 1114112K
  class space    used 6289K, committed 6720K, reserved 1048576K
}
Event: 198.829 GC heap before
{Heap before GC invocations=458 (full 16):
 PSYoungGen      total 6656K, used 6655K [0x00000000eab00000, 0x00000000eb400000, 0x0000000100000000)
  eden space 5120K, 99% used [0x00000000eab00000,0x00000000eafffe48,0x00000000eb000000)
  from space 1536K, 100% used [0x00000000eb000000,0x00000000eb180000,0x00000000eb180000)
  to   space 2048K, 0% used [0x00000000eb200000,0x00000000eb200000,0x00000000eb400000)
 ParOldGen       total 358400K, used 348604K [0x00000000c0000000, 0x00000000d5e00000, 0x00000000eab00000)
  object space 358400K, 97% used [0x00000000c0000000,0x00000000d546f188,0x00000000d5e00000)
 Metaspace       used 58565K, committed 59584K, reserved 1114112K
  class space    used 6294K, committed 6784K, reserved 1048576K
}
Event: 198.838 GC heap after
{Heap after GC invocations=458 (full 16):
 PSYoungGen      total 6656K, used 2029K [0x00000000eab00000, 0x00000000eb500000, 0x0000000100000000)
  eden space 4608K, 0% used [0x00000000eab00000,0x00000000eab00000,0x00000000eaf80000)
  from space 2048K, 99% used [0x00000000eb200000,0x00000000eb3fb658,0x00000000eb400000)
  to   space 2560K, 0% used [0x00000000eaf80000,0x00000000eaf80000,0x00000000eb200000)
 ParOldGen       total 358400K, used 348852K [0x00000000c0000000, 0x00000000d5e00000, 0x00000000eab00000)
  object space 358400K, 97% used [0x00000000c0000000,0x00000000d54ad188,0x00000000d5e00000)
 Metaspace       used 58565K, committed 59584K, reserved 1114112K
  class space    used 6294K, committed 6784K, reserved 1048576K
}
Event: 200.620 GC heap before
{Heap before GC invocations=459 (full 16):
 PSYoungGen      total 6656K, used 6637K [0x00000000eab00000, 0x00000000eb500000, 0x0000000100000000)
  eden space 4608K, 100% used [0x00000000eab00000,0x00000000eaf80000,0x00000000eaf80000)
  from space 2048K, 99% used [0x00000000eb200000,0x00000000eb3fb658,0x00000000eb400000)
  to   space 2560K, 0% used [0x00000000eaf80000,0x00000000eaf80000,0x00000000eb200000)
 ParOldGen       total 358400K, used 348852K [0x00000000c0000000, 0x00000000d5e00000, 0x00000000eab00000)
  object space 358400K, 97% used [0x00000000c0000000,0x00000000d54ad188,0x00000000d5e00000)
 Metaspace       used 58612K, committed 59648K, reserved 1114112K
  class space    used 6299K, committed 6784K, reserved 1048576K
}
Event: 200.629 GC heap after
{Heap after GC invocations=459 (full 16):
 PSYoungGen      total 6144K, used 1372K [0x00000000eab00000, 0x00000000eb380000, 0x0000000100000000)
  eden space 4608K, 0% used [0x00000000eab00000,0x00000000eab00000,0x00000000eaf80000)
  from space 1536K, 89% used [0x00000000eaf80000,0x00000000eb0d71a8,0x00000000eb100000)
  to   space 2048K, 0% used [0x00000000eb180000,0x00000000eb180000,0x00000000eb380000)
 ParOldGen       total 358400K, used 350224K [0x00000000c0000000, 0x00000000d5e00000, 0x00000000eab00000)
  object space 358400K, 97% used [0x00000000c0000000,0x00000000d5604280,0x00000000d5e00000)
 Metaspace       used 58612K, committed 59648K, reserved 1114112K
  class space    used 6299K, committed 6784K, reserved 1048576K
}

Dll operation events (13 events):
Event: 2.456 Loaded shared library c:\Users\sejal\.vscode\extensions\redhat.java-1.21.0-win32-x64\jre\17.0.7-win32-x86_64\bin\java.dll
Event: 27.441 Loaded shared library c:\Users\sejal\.vscode\extensions\redhat.java-1.21.0-win32-x64\jre\17.0.7-win32-x86_64\bin\zip.dll
Event: 27.738 Loaded shared library C:\Users\sejal\.vscode\extensions\redhat.java-1.21.0-win32-x64\jre\17.0.7-win32-x86_64\bin\instrument.dll
Event: 28.881 Loaded shared library C:\Users\sejal\.vscode\extensions\redhat.java-1.21.0-win32-x64\jre\17.0.7-win32-x86_64\bin\net.dll
Event: 29.041 Loaded shared library C:\Users\sejal\.vscode\extensions\redhat.java-1.21.0-win32-x64\jre\17.0.7-win32-x86_64\bin\nio.dll
Event: 29.208 Loaded shared library C:\Users\sejal\.vscode\extensions\redhat.java-1.21.0-win32-x64\jre\17.0.7-win32-x86_64\bin\zip.dll
Event: 29.520 Loaded shared library C:\Users\sejal\.vscode\extensions\redhat.java-1.21.0-win32-x64\jre\17.0.7-win32-x86_64\bin\jimage.dll
Event: 30.181 Loaded shared library c:\Users\sejal\.vscode\extensions\redhat.java-1.21.0-win32-x64\jre\17.0.7-win32-x86_64\bin\verify.dll
Event: 49.469 Loaded shared library C:\Users\sejal\AppData\Roaming\Code\User\globalStorage\redhat.java\1.21.0\config_win\org.eclipse.equinox.launcher\org.eclipse.equinox.launcher.win32.win32.x86_64_1.2.700.v20221108-1024\eclipse_11801.dll
Event: 55.717 Loaded shared library C:\Users\sejal\.vscode\extensions\redhat.java-1.21.0-win32-x64\jre\17.0.7-win32-x86_64\bin\management.dll
Event: 56.078 Loaded shared library C:\Users\sejal\.vscode\extensions\redhat.java-1.21.0-win32-x64\jre\17.0.7-win32-x86_64\bin\management_ext.dll
Event: 71.127 Loaded shared library C:\Users\sejal\AppData\Local\Temp\jna-74226\jna16114610098736888882.dll
Event: 191.685 Loaded shared library C:\Users\sejal\.vscode\extensions\redhat.java-1.21.0-win32-x64\jre\17.0.7-win32-x86_64\bin\sunmscapi.dll

Deoptimization events (20 events):
Event: 194.642 Thread 0x00000247fc4773c0 Uncommon trap: trap_request=0xffffff45 fr.pc=0x0000024787e3b94c relative=0x00000000000000cc
Event: 194.642 Thread 0x00000247fc4773c0 Uncommon trap: reason=unstable_if action=reinterpret pc=0x0000024787e3b94c method=org.eclipse.jdt.internal.compiler.classfmt.ClassFileReader.getModifiers()I @ 45 c2
Event: 194.642 Thread 0x00000247fc4773c0 DEOPT PACKING pc=0x0000024787e3b94c sp=0x0000006607cfec30
Event: 194.642 Thread 0x00000247fc4773c0 DEOPT UNPACKING pc=0x00000247875866a3 sp=0x0000006607cfebd8 mode 2
Event: 194.677 Thread 0x00000247fc4773c0 DEOPT PACKING pc=0x0000024780e35085 sp=0x0000006607cfe9f0
Event: 194.677 Thread 0x00000247fc4773c0 DEOPT UNPACKING pc=0x0000024787586e43 sp=0x0000006607cfdf18 mode 0
Event: 194.687 Thread 0x00000247fc4773c0 DEOPT PACKING pc=0x0000024780e35085 sp=0x0000006607cfe9f0
Event: 194.687 Thread 0x00000247fc4773c0 DEOPT UNPACKING pc=0x0000024787586e43 sp=0x0000006607cfdf18 mode 0
Event: 194.903 Thread 0x00000247fc4773c0 DEOPT PACKING pc=0x0000024780e35085 sp=0x0000006607cfe9f0
Event: 194.903 Thread 0x00000247fc4773c0 DEOPT UNPACKING pc=0x0000024787586e43 sp=0x0000006607cfdf18 mode 0
Event: 194.929 Thread 0x00000247fc4773c0 DEOPT PACKING pc=0x0000024780e35085 sp=0x0000006607cfe9f0
Event: 194.929 Thread 0x00000247fc4773c0 DEOPT UNPACKING pc=0x0000024787586e43 sp=0x0000006607cfdf18 mode 0
Event: 195.269 Thread 0x00000247fc4773c0 DEOPT PACKING pc=0x0000024780e35085 sp=0x0000006607cfe9f0
Event: 195.269 Thread 0x00000247fc4773c0 DEOPT UNPACKING pc=0x0000024787586e43 sp=0x0000006607cfdf18 mode 0
Event: 195.438 Thread 0x00000247fc4773c0 DEOPT PACKING pc=0x0000024780e35085 sp=0x0000006607cfe9f0
Event: 195.438 Thread 0x00000247fc4773c0 DEOPT UNPACKING pc=0x0000024787586e43 sp=0x0000006607cfdf18 mode 0
Event: 195.905 Thread 0x00000247fc4773c0 DEOPT PACKING pc=0x0000024780e41bd0 sp=0x0000006607cfeb30
Event: 195.905 Thread 0x00000247fc4773c0 DEOPT UNPACKING pc=0x0000024787586e43 sp=0x0000006607cfe138 mode 0
Event: 200.397 Thread 0x00000247fc4773c0 DEOPT PACKING pc=0x0000024780e41bd0 sp=0x0000006607cfeb30
Event: 200.397 Thread 0x00000247fc4773c0 DEOPT UNPACKING pc=0x0000024787586e43 sp=0x0000006607cfe138 mode 0

Classes unloaded (7 events):
Event: 56.290 Thread 0x00000247f1218850 Unloading class 0x000000010024bc00 'java/lang/invoke/LambdaForm$MH+0x000000010024bc00'
Event: 56.290 Thread 0x00000247f1218850 Unloading class 0x000000010024b800 'java/lang/invoke/LambdaForm$MH+0x000000010024b800'
Event: 56.290 Thread 0x00000247f1218850 Unloading class 0x000000010024b400 'java/lang/invoke/LambdaForm$MH+0x000000010024b400'
Event: 56.290 Thread 0x00000247f1218850 Unloading class 0x000000010024b000 'java/lang/invoke/LambdaForm$MH+0x000000010024b000'
Event: 56.290 Thread 0x00000247f1218850 Unloading class 0x000000010024ac00 'java/lang/invoke/LambdaForm$BMH+0x000000010024ac00'
Event: 56.290 Thread 0x00000247f1218850 Unloading class 0x000000010024a800 'java/lang/invoke/LambdaForm$DMH+0x000000010024a800'
Event: 56.290 Thread 0x00000247f1218850 Unloading class 0x0000000100248000 'java/lang/invoke/LambdaForm$DMH+0x0000000100248000'

Classes redefined (0 events):
No events

Internal exceptions (20 events):
Event: 139.682 Thread 0x00000247fc473ed0 Exception <a 'java/lang/NoSuchMethodError'{0x00000000eac78020}: 'java.lang.Object java.lang.invoke.Invokers$Holder.invoke_MT(java.lang.Object, java.lang.Object, java.lang.Object, java.lang.Object, java.lang.Object, java.lang.Object, java.lang.Object, java.lang.Object, java.lang.Object)'> (0x00000000eac78020) 
thrown [s\src\hotspot\share\interpreter\linkResolver.cpp, line 759]
Event: 139.976 Thread 0x00000247fc473ed0 Exception <a 'java/lang/NoSuchMethodError'{0x00000000eab7b078}: 'java.lang.Object java.lang.invoke.DirectMethodHandle$Holder.invokeStatic(java.lang.Object, int, java.lang.Object, java.lang.Object)'> (0x00000000eab7b078) 
thrown [s\src\hotspot\share\interpreter\linkResolver.cpp, line 759]
Event: 139.977 Thread 0x00000247fc473ed0 Exception <a 'java/lang/NoSuchMethodError'{0x00000000eab7f0b0}: 'java.lang.Object java.lang.invoke.DelegatingMethodHandle$Holder.delegate(java.lang.Object, int, java.lang.Object, java.lang.Object)'> (0x00000000eab7f0b0) 
thrown [s\src\hotspot\share\interpreter\linkResolver.cpp, line 759]
Event: 139.982 Thread 0x00000247fc473ed0 Exception <a 'java/lang/NoSuchMethodError'{0x00000000eab95650}: 'int java.lang.invoke.Invokers$Holder.linkToTargetMethod(java.lang.Object, java.lang.Object, java.lang.Object)'> (0x00000000eab95650) 
thrown [s\src\hotspot\share\interpreter\linkResolver.cpp, line 759]
Event: 139.992 Thread 0x00000247fc473ed0 Exception <a 'java/lang/NoSuchMethodError'{0x00000000eabacfb8}: 'java.lang.Object java.lang.invoke.DirectMethodHandle$Holder.newInvokeSpecial(java.lang.Object, java.lang.Object, java.lang.Object, java.lang.Object, java.lang.Object, java.lang.Object, java.lang.Object, java.lang.Object)'> (0x00000000eabacfb8) 
thrown [s\src\hotspot\share\interpreter\linkResolver.cpp, line 759]
Event: 139.993 Thread 0x00000247fc473ed0 Exception <a 'java/lang/NoSuchMethodError'{0x00000000eabb1eb0}: 'java.lang.Object java.lang.invoke.Invokers$Holder.linkToTargetMethod(java.lang.Object, java.lang.Object, java.lang.Object, java.lang.Object, java.lang.Object, java.lang.Object, java.lang.Object, java.lang.Object)'> (0x00000000eabb1eb0) 
thrown [s\src\hotspot\share\interpreter\linkResolver.cpp, line 759]
Event: 140.000 Thread 0x00000247fc473ed0 Exception <a 'java/lang/NoSuchMethodError'{0x00000000eabd4bd8}: 'java.lang.Object java.lang.invoke.DirectMethodHandle$Holder.invokeStatic(java.lang.Object, java.lang.Object, int, java.lang.Object, java.lang.Object)'> (0x00000000eabd4bd8) 
thrown [s\src\hotspot\share\interpreter\linkResolver.cpp, line 759]
Event: 140.001 Thread 0x00000247fc473ed0 Exception <a 'java/lang/NoSuchMethodError'{0x00000000eabdc390}: 'java.lang.Object java.lang.invoke.DirectMethodHandle$Holder.newInvokeSpecial(java.lang.Object, java.lang.Object, int)'> (0x00000000eabdc390) 
thrown [s\src\hotspot\share\interpreter\linkResolver.cpp, line 759]
Event: 140.022 Thread 0x00000247fc473ed0 Exception <a 'java/lang/NoSuchMethodError'{0x00000000eac4b468}: 'void java.lang.invoke.DirectMethodHandle$Holder.invokeStatic(java.lang.Object, int)'> (0x00000000eac4b468) 
thrown [s\src\hotspot\share\interpreter\linkResolver.cpp, line 759]
Event: 144.205 Thread 0x00000247fc473ed0 Exception <a 'java/io/FileNotFoundException'{0x00000000eace9520}> (0x00000000eace9520) 
thrown [s\src\hotspot\share\prims\jni.cpp, line 516]
Event: 144.207 Thread 0x00000247fc473ed0 Implicit null exception at 0x0000024787ea9073 to 0x0000024787eaa274
Event: 159.737 Thread 0x00000247fc473ed0 Exception <a 'sun/nio/fs/WindowsException'{0x00000000ead285f8}> (0x00000000ead285f8) 
thrown [s\src\hotspot\share\prims\jni.cpp, line 516]
Event: 159.737 Thread 0x00000247fc473ed0 Exception <a 'sun/nio/fs/WindowsException'{0x00000000ead28d70}> (0x00000000ead28d70) 
thrown [s\src\hotspot\share\prims\jni.cpp, line 516]
Event: 164.271 Thread 0x00000247fc473ed0 Exception <a 'sun/nio/fs/WindowsException'{0x00000000eac230d0}> (0x00000000eac230d0) 
thrown [s\src\hotspot\share\prims\jni.cpp, line 516]
Event: 185.015 Thread 0x00000247fc4773c0 Exception <a 'sun/nio/fs/WindowsException'{0x00000000eae969f0}> (0x00000000eae969f0) 
thrown [s\src\hotspot\share\prims\jni.cpp, line 516]
Event: 185.175 Thread 0x00000247fc473ed0 Exception <a 'java/lang/NoSuchMethodError'{0x00000000eaf1d870}: 'java.lang.Object java.lang.invoke.DirectMethodHandle$Holder.invokeVirtual(java.lang.Object, java.lang.Object, java.lang.Object)'> (0x00000000eaf1d870) 
thrown [s\src\hotspot\share\interpreter\linkResolver.cpp, line 759]
Event: 186.384 Thread 0x00000247fc4756e0 Implicit null exception at 0x0000024787ef4260 to 0x0000024787ef4fdc
Event: 189.230 Thread 0x00000247fc473ed0 Exception <a 'java/lang/NoSuchMethodError'{0x00000000eadf57a8}: 'java.lang.Object java.lang.invoke.DirectMethodHandle$Holder.invokeStaticInit(java.lang.Object, java.lang.Object, java.lang.Object)'> (0x00000000eadf57a8) 
thrown [s\src\hotspot\share\interpreter\linkResolver.cpp, line 759]
Event: 189.235 Thread 0x00000247fc473ed0 Exception <a 'java/lang/NoSuchMethodError'{0x00000000eab16308}: 'java.lang.Object java.lang.invoke.DirectMethodHandle$Holder.invokeStatic(java.lang.Object, java.lang.Object, int, java.lang.Object)'> (0x00000000eab16308) 
thrown [s\src\hotspot\share\interpreter\linkResolver.cpp, line 759]
Event: 194.151 Thread 0x00000247fc4773c0 Implicit null exception at 0x0000024787ee2533 to 0x0000024787ee51b8

VM Operations (20 events):
Event: 194.694 Executing VM operation: ParallelGCFailedAllocation done
Event: 194.926 Executing VM operation: ParallelGCFailedAllocation
Event: 194.929 Executing VM operation: ParallelGCFailedAllocation done
Event: 195.271 Executing VM operation: ParallelGCFailedAllocation
Event: 195.275 Executing VM operation: ParallelGCFailedAllocation done
Event: 195.879 Executing VM operation: ParallelGCFailedAllocation
Event: 195.885 Executing VM operation: ParallelGCFailedAllocation done
Event: 195.931 Executing VM operation: ParallelGCFailedAllocation
Event: 195.936 Executing VM operation: ParallelGCFailedAllocation done
Event: 196.629 Executing VM operation: ParallelGCFailedAllocation
Event: 196.874 Executing VM operation: ParallelGCFailedAllocation done
Event: 197.323 Executing VM operation: ParallelGCFailedAllocation
Event: 197.724 Executing VM operation: ParallelGCFailedAllocation done
Event: 198.064 Executing VM operation: ParallelGCFailedAllocation
Event: 198.067 Executing VM operation: ParallelGCFailedAllocation done
Event: 198.385 Executing VM operation: ParallelGCFailedAllocation
Event: 198.838 Executing VM operation: ParallelGCFailedAllocation done
Event: 200.397 Executing VM operation: ParallelGCFailedAllocation
Event: 200.629 Executing VM operation: ParallelGCFailedAllocation done
Event: 201.051 Executing VM operation: ParallelGCFailedAllocation

Events (20 events):
Event: 201.046 loading class sun/security/ssl/ServerHello$T13HelloRetryRequestReproducer done
Event: 201.046 loading class sun/security/ssl/ServerHello$T12ServerHelloConsumer
Event: 201.046 loading class sun/security/ssl/ServerHello$T12ServerHelloConsumer done
Event: 201.047 loading class sun/security/ssl/ServerHello$T13ServerHelloConsumer
Event: 201.047 loading class sun/security/ssl/ServerHello$T13ServerHelloConsumer done
Event: 201.047 loading class sun/security/ssl/ServerHello$T13HelloRetryRequestConsumer
Event: 201.047 loading class sun/security/ssl/ServerHello$T13HelloRetryRequestConsumer done
Event: 201.048 loading class sun/security/ssl/HelloVerifyRequest
Event: 201.048 loading class sun/security/ssl/HelloVerifyRequest done
Event: 201.048 loading class sun/security/ssl/HelloVerifyRequest$HelloVerifyRequestConsumer
Event: 201.048 loading class sun/security/ssl/HelloVerifyRequest$HelloVerifyRequestConsumer done
Event: 201.048 loading class sun/security/ssl/HelloVerifyRequest$HelloVerifyRequestProducer
Event: 201.048 loading class sun/security/ssl/HelloVerifyRequest$HelloVerifyRequestProducer done
Event: 201.048 loading class sun/security/ssl/NewSessionTicket
Event: 201.049 loading class sun/security/ssl/NewSessionTicket done
Event: 201.049 loading class sun/security/ssl/NewSessionTicket$T13NewSessionTicketConsumer
Event: 201.051 loading class sun/security/ssl/NewSessionTicket$T13NewSessionTicketConsumer done
Event: 201.051 loading class sun/security/ssl/NewSessionTicket$T12NewSessionTicketConsumer
Event: 201.051 loading class sun/security/ssl/NewSessionTicket$T12NewSessionTicketConsumer done
Event: 201.051 loading class sun/security/ssl/NewSessionTicket$T13NewSessionTicketProducer


Dynamic libraries:
0x00007ff69eaa0000 - 0x00007ff69eaae000 	c:\Users\sejal\.vscode\extensions\redhat.java-1.21.0-win32-x64\jre\17.0.7-win32-x86_64\bin\java.exe
0x00007ffe665b0000 - 0x00007ffe667c4000 	C:\WINDOWS\SYSTEM32\ntdll.dll
0x00007ffe65430000 - 0x00007ffe654f2000 	C:\WINDOWS\System32\KERNEL32.DLL
0x00007ffe63a30000 - 0x00007ffe63dd3000 	C:\WINDOWS\System32\KERNELBASE.dll
0x00007ffe63de0000 - 0x00007ffe63ef1000 	C:\WINDOWS\System32\ucrtbase.dll
0x00007ffe48ae0000 - 0x00007ffe48af9000 	c:\Users\sejal\.vscode\extensions\redhat.java-1.21.0-win32-x64\jre\17.0.7-win32-x86_64\bin\VCRUNTIME140.dll
0x00007ffe49760000 - 0x00007ffe49777000 	c:\Users\sejal\.vscode\extensions\redhat.java-1.21.0-win32-x64\jre\17.0.7-win32-x86_64\bin\jli.dll
0x00007ffe65560000 - 0x00007ffe6570a000 	C:\WINDOWS\System32\USER32.dll
0x00007ffe64020000 - 0x00007ffe64046000 	C:\WINDOWS\System32\win32u.dll
0x00007ffe64390000 - 0x00007ffe643b9000 	C:\WINDOWS\System32\GDI32.dll
0x00007ffe63f00000 - 0x00007ffe64019000 	C:\WINDOWS\System32\gdi32full.dll
0x00007ffe64050000 - 0x00007ffe640ea000 	C:\WINDOWS\System32\msvcp_win.dll
0x00007ffe4be60000 - 0x00007ffe4c0ee000 	C:\WINDOWS\WinSxS\amd64_microsoft.windows.common-controls_6595b64144ccf1df_6.0.22621.1635_none_270f70857386168e\COMCTL32.dll
0x00007ffe64800000 - 0x00007ffe648a7000 	C:\WINDOWS\System32\msvcrt.dll
0x00007ffe65fd0000 - 0x00007ffe66001000 	C:\WINDOWS\System32\IMM32.DLL
0x00007ffe5e800000 - 0x00007ffe5e80c000 	c:\Users\sejal\.vscode\extensions\redhat.java-1.21.0-win32-x64\jre\17.0.7-win32-x86_64\bin\vcruntime140_1.dll
0x00007ffe3d2d0000 - 0x00007ffe3d361000 	c:\Users\sejal\.vscode\extensions\redhat.java-1.21.0-win32-x64\jre\17.0.7-win32-x86_64\bin\msvcp140.dll
0x00007ffe125b0000 - 0x00007ffe131f8000 	c:\Users\sejal\.vscode\extensions\redhat.java-1.21.0-win32-x64\jre\17.0.7-win32-x86_64\bin\server\jvm.dll
0x00007ffe65e10000 - 0x00007ffe65ebe000 	C:\WINDOWS\System32\ADVAPI32.dll
0x00007ffe64a50000 - 0x00007ffe64af4000 	C:\WINDOWS\System32\sechost.dll
0x00007ffe65760000 - 0x00007ffe65877000 	C:\WINDOWS\System32\RPCRT4.dll
0x00007ffe44e30000 - 0x00007ffe44e39000 	C:\WINDOWS\SYSTEM32\WSOCK32.dll
0x00007ffe65d90000 - 0x00007ffe65e01000 	C:\WINDOWS\System32\WS2_32.dll
0x00007ffe47be0000 - 0x00007ffe47c14000 	C:\WINDOWS\SYSTEM32\WINMM.dll
0x00007ffe5d3d0000 - 0x00007ffe5d3da000 	C:\WINDOWS\SYSTEM32\VERSION.dll
0x00007ffe629f0000 - 0x00007ffe62a08000 	C:\WINDOWS\SYSTEM32\kernel.appcore.dll
0x00007ffe5e640000 - 0x00007ffe5e64a000 	c:\Users\sejal\.vscode\extensions\redhat.java-1.21.0-win32-x64\jre\17.0.7-win32-x86_64\bin\jimage.dll
0x00007ffe613d0000 - 0x00007ffe615fe000 	C:\WINDOWS\SYSTEM32\DBGHELP.DLL
0x00007ffe661e0000 - 0x00007ffe66569000 	C:\WINDOWS\System32\combase.dll
0x00007ffe65ec0000 - 0x00007ffe65f97000 	C:\WINDOWS\System32\OLEAUT32.dll
0x00007ffe48290000 - 0x00007ffe482c2000 	C:\WINDOWS\SYSTEM32\dbgcore.DLL
0x00007ffe639b0000 - 0x00007ffe63a2a000 	C:\WINDOWS\System32\bcryptPrimitives.dll
0x00007ffe59740000 - 0x00007ffe5974e000 	c:\Users\sejal\.vscode\extensions\redhat.java-1.21.0-win32-x64\jre\17.0.7-win32-x86_64\bin\instrument.dll
0x00007ffe42ad0000 - 0x00007ffe42af5000 	c:\Users\sejal\.vscode\extensions\redhat.java-1.21.0-win32-x64\jre\17.0.7-win32-x86_64\bin\java.dll
0x00007ffe4b760000 - 0x00007ffe4b778000 	c:\Users\sejal\.vscode\extensions\redhat.java-1.21.0-win32-x64\jre\17.0.7-win32-x86_64\bin\zip.dll
0x00007ffe64c30000 - 0x00007ffe65429000 	C:\WINDOWS\System32\SHELL32.dll
0x00007ffe619a0000 - 0x00007ffe6226e000 	C:\WINDOWS\SYSTEM32\windows.storage.dll
0x00007ffe61860000 - 0x00007ffe6199e000 	C:\WINDOWS\SYSTEM32\wintypes.dll
0x00007ffe64540000 - 0x00007ffe64631000 	C:\WINDOWS\System32\SHCORE.dll
0x00007ffe65d30000 - 0x00007ffe65d8e000 	C:\WINDOWS\System32\shlwapi.dll
0x00007ffe638e0000 - 0x00007ffe63906000 	C:\WINDOWS\SYSTEM32\profapi.dll
0x00007ffe49660000 - 0x00007ffe49679000 	C:\Users\sejal\.vscode\extensions\redhat.java-1.21.0-win32-x64\jre\17.0.7-win32-x86_64\bin\net.dll
0x00007ffe5bd50000 - 0x00007ffe5be87000 	C:\WINDOWS\SYSTEM32\WINHTTP.dll
0x00007ffe62e70000 - 0x00007ffe62ed9000 	C:\WINDOWS\system32\mswsock.dll
0x00007ffe45a20000 - 0x00007ffe45a35000 	C:\Users\sejal\.vscode\extensions\redhat.java-1.21.0-win32-x64\jre\17.0.7-win32-x86_64\bin\nio.dll
0x00007ffe517c0000 - 0x00007ffe517d0000 	c:\Users\sejal\.vscode\extensions\redhat.java-1.21.0-win32-x64\jre\17.0.7-win32-x86_64\bin\verify.dll
0x00007ffe3d230000 - 0x00007ffe3d26e000 	C:\Users\sejal\AppData\Roaming\Code\User\globalStorage\redhat.java\1.21.0\config_win\org.eclipse.equinox.launcher\org.eclipse.equinox.launcher.win32.win32.x86_64_1.2.700.v20221108-1024\eclipse_11801.dll
0x00007ffe648b0000 - 0x00007ffe64a4c000 	C:\WINDOWS\System32\ole32.dll
0x00007ffe4d300000 - 0x00007ffe4d309000 	C:\Users\sejal\.vscode\extensions\redhat.java-1.21.0-win32-x64\jre\17.0.7-win32-x86_64\bin\management.dll
0x00007ffe4bba0000 - 0x00007ffe4bbab000 	C:\Users\sejal\.vscode\extensions\redhat.java-1.21.0-win32-x64\jre\17.0.7-win32-x86_64\bin\management_ext.dll
0x00007ffe65fa0000 - 0x00007ffe65fa8000 	C:\WINDOWS\System32\PSAPI.DLL
0x00007ffe630e0000 - 0x00007ffe630fb000 	C:\WINDOWS\SYSTEM32\CRYPTSP.dll
0x00007ffe62960000 - 0x00007ffe62995000 	C:\WINDOWS\system32\rsaenh.dll
0x00007ffe62f70000 - 0x00007ffe62f9c000 	C:\WINDOWS\SYSTEM32\USERENV.dll
0x00007ffe63290000 - 0x00007ffe632b8000 	C:\WINDOWS\SYSTEM32\bcrypt.dll
0x00007ffe630d0000 - 0x00007ffe630dc000 	C:\WINDOWS\SYSTEM32\CRYPTBASE.dll
0x00007ffe624c0000 - 0x00007ffe624ed000 	C:\WINDOWS\SYSTEM32\IPHLPAPI.DLL
0x00007ffe64c20000 - 0x00007ffe64c29000 	C:\WINDOWS\System32\NSI.dll
0x00007ffe5bd10000 - 0x00007ffe5bd29000 	C:\WINDOWS\SYSTEM32\dhcpcsvc6.DLL
0x00007ffe5b660000 - 0x00007ffe5b67f000 	C:\WINDOWS\SYSTEM32\dhcpcsvc.DLL
0x00007ffe624f0000 - 0x00007ffe625e3000 	C:\WINDOWS\SYSTEM32\DNSAPI.dll
0x00007ffe42a80000 - 0x00007ffe42ac5000 	C:\Users\sejal\AppData\Local\Temp\jna-74226\jna16114610098736888882.dll
0x00007ffe512f0000 - 0x00007ffe512fe000 	C:\Users\sejal\.vscode\extensions\redhat.java-1.21.0-win32-x64\jre\17.0.7-win32-x86_64\bin\sunmscapi.dll
0x00007ffe640f0000 - 0x00007ffe64257000 	C:\WINDOWS\System32\CRYPT32.dll
0x00007ffe63260000 - 0x00007ffe6328e000 	C:\WINDOWS\SYSTEM32\ncrypt.dll
0x00007ffe63220000 - 0x00007ffe63257000 	C:\WINDOWS\SYSTEM32\NTASN1.dll
0x00007ffe4a180000 - 0x00007ffe4a18a000 	C:\Windows\System32\rasadhlp.dll
0x00007ffe598d0000 - 0x00007ffe59954000 	C:\WINDOWS\System32\fwpuclnt.dll

dbghelp: loaded successfully - version: 4.0.5 - missing functions: none
symbol engine: initialized successfully - sym options: 0x614 - pdb path: .;c:\Users\sejal\.vscode\extensions\redhat.java-1.21.0-win32-x64\jre\17.0.7-win32-x86_64\bin;C:\WINDOWS\SYSTEM32;C:\WINDOWS\WinSxS\amd64_microsoft.windows.common-controls_6595b64144ccf1df_6.0.22621.1635_none_270f70857386168e;c:\Users\sejal\.vscode\extensions\redhat.java-1.21.0-win32-x64\jre\17.0.7-win32-x86_64\bin\server;C:\Users\sejal\AppData\Roaming\Code\User\globalStorage\redhat.java\1.21.0\config_win\org.eclipse.equinox.launcher\org.eclipse.equinox.launcher.win32.win32.x86_64_1.2.700.v20221108-1024;C:\Users\sejal\AppData\Local\Temp\jna-74226

VM Arguments:
jvm_args: --add-modules=ALL-SYSTEM --add-opens=java.base/java.util=ALL-UNNAMED --add-opens=java.base/java.lang=ALL-UNNAMED --add-opens=java.base/sun.nio.fs=ALL-UNNAMED -Declipse.application=org.eclipse.jdt.ls.core.id1 -Dosgi.bundles.defaultStartLevel=4 -Declipse.product=org.eclipse.jdt.ls.core.product -Djava.import.generatesMetadataFilesAtProjectRoot=false -Dfile.encoding=utf8 -XX:+UseParallelGC -XX:GCTimeRatio=4 -XX:AdaptiveSizePolicyWeight=90 -Dsun.zip.disableMemoryMapping=true -Xmx1G -Xms100m -Xlog:disable -javaagent:c:\Users\sejal\.vscode\extensions\redhat.java-1.21.0-win32-x64\lombok\lombok-1.18.28.jar -XX:+HeapDumpOnOutOfMemoryError -XX:HeapDumpPath=c:\Users\sejal\AppData\Roaming\Code\User\workspaceStorage\aa4f0c0cabe622b1aea71c1db19fc434\redhat.java -Daether.dependencyCollector.impl=bf 
java_command: c:\Users\sejal\.vscode\extensions\redhat.java-1.21.0-win32-x64\server\plugins\org.eclipse.equinox.launcher_1.6.500.v20230717-2134.jar -configuration c:\Users\sejal\AppData\Roaming\Code\User\globalStorage\redhat.java\1.21.0\config_win -data c:\Users\sejal\AppData\Roaming\Code\User\workspaceStorage\aa4f0c0cabe622b1aea71c1db19fc434\redhat.java\jdt_ws
java_class_path (initial): c:\Users\sejal\.vscode\extensions\redhat.java-1.21.0-win32-x64\server\plugins\org.eclipse.equinox.launcher_1.6.500.v20230717-2134.jar
Launcher Type: SUN_STANDARD

[Global flags]
    uintx AdaptiveSizePolicyWeight                 = 90                                        {product} {command line}
     intx CICompilerCount                          = 3                                         {product} {ergonomic}
    uintx GCTimeRatio                              = 4                                         {product} {command line}
     bool HeapDumpOnOutOfMemoryError               = true                                   {manageable} {command line}
    ccstr HeapDumpPath                             = c:\Users\sejal\AppData\Roaming\Code\User\workspaceStorage\aa4f0c0cabe622b1aea71c1db19fc434\redhat.java         {manageable} {command line}
   size_t InitialHeapSize                          = 104857600                                 {product} {command line}
   size_t MaxHeapSize                              = 1073741824                                {product} {command line}
   size_t MaxNewSize                               = 357564416                                 {product} {ergonomic}
   size_t MinHeapDeltaBytes                        = 524288                                    {product} {ergonomic}
   size_t MinHeapSize                              = 104857600                                 {product} {command line}
   size_t NewSize                                  = 34603008                                  {product} {ergonomic}
    uintx NonNMethodCodeHeapSize                   = 5832780                                {pd product} {ergonomic}
    uintx NonProfiledCodeHeapSize                  = 122912730                              {pd product} {ergonomic}
   size_t OldSize                                  = 70254592                                  {product} {ergonomic}
    uintx ProfiledCodeHeapSize                     = 122912730                              {pd product} {ergonomic}
    uintx ReservedCodeCacheSize                    = 251658240                              {pd product} {ergonomic}
     bool SegmentedCodeCache                       = true                                      {product} {ergonomic}
   size_t SoftMaxHeapSize                          = 1073741824                             {manageable} {ergonomic}
     bool UseCompressedClassPointers               = true                           {product lp64_product} {ergonomic}
     bool UseCompressedOops                        = true                           {product lp64_product} {ergonomic}
     bool UseLargePagesIndividualAllocation        = false                                  {pd product} {ergonomic}
     bool UseParallelGC                            = true                                      {product} {command line}

Logging:
Log output configuration:
 #0: stdout all=off uptime,level,tags
 #1: stderr all=off uptime,level,tags

Environment Variables:
JAVA_HOME=C:\Program Files\Java\jdk-11
PATH=C:\WINDOWS\system32;C:\WINDOWS;C:\WINDOWS\System32\Wbem;C:\WINDOWS\System32\WindowsPowerShell\v1.0\;C:\WINDOWS\System32\OpenSSH\;C:\Program Files\nodejs\;C:\Program Files\Git\cmd;C:\Program Files\dotnet\;C:\Program Files\MySQL\MySQL Shell 8.0\bin\;C:\Users\sejal\AppData\Local\Microsoft\WindowsApps;;C:\Users\sejal\AppData\Roaming\npm;C:\Users\sejal\AppData\Local\Programs\Microsoft VS Code\bin
USERNAME=Jai
OS=Windows_NT
PROCESSOR_IDENTIFIER=Intel64 Family 6 Model 142 Stepping 10, GenuineIntel
TMP=C:\Users\sejal\AppData\Local\Temp
TEMP=C:\Users\sejal\AppData\Local\Temp



---------------  S Y S T E M  ---------------

OS:
 Windows 11 , 64 bit Build 22621 (10.0.22621.1928)
OS uptime: 0 days 17:47 hours

CPU: total 4 (initial active 4) (2 cores per cpu, 2 threads per core) family 6 model 142 stepping 10 microcode 0xea, cx8, cmov, fxsr, ht, mmx, 3dnowpref, sse, sse2, sse3, ssse3, sse4.1, sse4.2, popcnt, lzcnt, tsc, tscinvbit, avx, avx2, aes, erms, clmul, bmi1, bmi2, adx, fma, vzeroupper, clflush, clflushopt

Memory: 4k page, system-wide physical 4007M (334M free)
TotalPageFile size 7547M (AvailPageFile size 98M)
current process WorkingSet (physical memory assigned to process): 360M, peak: 498M
current process commit charge ("private bytes"): 425M, peak: 560M

vm_info: OpenJDK 64-Bit Server VM (17.0.7+7) for windows-amd64 JRE (17.0.7+7), built on Apr 18 2023 22:10:42 by "temurin" with MS VC++ 16.7 (VS2019)

END.
